<?xml version="1.0" encoding="UTF-8"?>
<!-- Generated by org.testng.reporters.JUnitReportReporter -->
<testsuite name="exampletest" tests="3" time="0.008" ignored="1" failures="0" timestamp="15 Jan 2017 07:03:38 GMT" skipped="2" hostname="PSLBLRLA-129-20.local" errors="1">
  <testcase name="OpenURL" time="0.006" classname="exampletest">
    <skipped/>
  </testcase> <!-- OpenURL -->
  <testcase name="Login" time="0.002" classname="exampletest">
    <skipped/>
  </testcase> <!-- Login -->
  <testcase name="setEnvironment" time="0.000" classname="exampletest">
    <error type="java.lang.NullPointerException">
      <![CDATA[java.lang.NullPointerException
	at exampletest.setEnvironment(exampletest.java:28)
	at sun.reflect.NativeMethodAccessorImpl.invoke0(Native Method)
	at sun.reflect.NativeMethodAccessorImpl.invoke(NativeMethodAccessorImpl.java:62)
	at sun.reflect.DelegatingMethodAccessorImpl.invoke(DelegatingMethodAccessorImpl.java:43)
	at java.lang.reflect.Method.invoke(Method.java:498)
	at org.testng.internal.MethodInvocationHelper.invokeMethod(MethodInvocationHelper.java:104)
	at org.testng.internal.Invoker.invokeConfigurationMethod(Invoker.java:515)
	at org.testng.internal.Invoker.invokeConfigurations(Invoker.java:217)
	at org.testng.internal.Invoker.invokeConfigurations(Invoker.java:144)
	at org.testng.TestRunner.beforeRun(TestRunner.java:634)
	at org.testng.TestRunner.run(TestRunner.java:602)
	at org.testng.SuiteRunner.runTest(SuiteRunner.java:387)
	at org.testng.SuiteRunner.access$000(SuiteRunner.java:39)
	at org.testng.SuiteRunner$SuiteWorker.run(SuiteRunner.java:421)
	at org.testng.internal.thread.ThreadUtil$2.call(ThreadUtil.java:64)
	at java.util.concurrent.FutureTask.run(FutureTask.java:266)
	at java.util.concurrent.ThreadPoolExecutor.runWorker(ThreadPoolExecutor.java:1142)
	at java.util.concurrent.ThreadPoolExecutor$Worker.run(ThreadPoolExecutor.java:617)
	at java.lang.Thread.run(Thread.java:745)
]]>
    </error>
  </testcase> <!-- setEnvironment -->
  <testcase name="NotificationMenu" classname="exampletest">
    <skipped/>
  </testcase> <!-- NotificationMenu -->
</testsuite> <!-- exampletest -->
