<?xml version="1.0" encoding="UTF-8"?>
<!-- Generated by org.testng.reporters.JUnitReportReporter -->
<testsuite name="TestWeb" tests="1" time="6.105" ignored="0" failures="0" timestamp="18 Apr 2017 12:55:23 GMT" skipped="0" hostname="surendra-d-Laptop.local" errors="0">
  <testcase name="LaunchWebsite" time="6.105" classname="TestWeb"/>
</testsuite> <!-- TestWeb -->
