<?xml version="1.0" encoding="UTF-8"?>
<!-- Generated by org.testng.reporters.JUnitReportReporter -->
<testsuite name="TestWebSite" tests="1" time="10.754" ignored="0" failures="0" timestamp="31 Jan 2017 05:49:04 GMT" skipped="0" hostname="PSLBLRLA-129-20.local" errors="0">
  <testcase name="LaunchWebsite" time="10.754" classname="TestWebSite"/>
</testsuite> <!-- TestWebSite -->
